# 1
1.302169 2.135996 1.556951
NA NA NA
NA NA NA
NA NA NA
# 1
1.505265 2.209533 1.648638
NA NA NA
NA NA NA
NA NA NA
# 1
1.291186 2.095515 1.731916
NA NA NA
NA NA NA
NA NA NA
# 1
1.23331 2.233544 1.510301
NA NA NA
NA NA NA
NA NA NA
# 1
1.16651 2.233886 1.624194
NA NA NA
NA NA NA
NA NA NA
# 1
1.050399 2.256721 1.551357
NA NA NA
NA NA NA
NA NA NA
# 1
1.122951 2.090914 1.386826
NA NA NA
NA NA NA
NA NA NA
# 1
0.9557369 1.970115 1.267618
NA NA NA
NA NA NA
NA NA NA
# 1
1.512609 1.967599 1.511501
NA NA NA
NA NA NA
NA NA NA
# 1
0.9154533 2.133119 1.166878
NA NA NA
NA NA NA
NA NA NA
# 0
0.5585725 1.970007 1.375523
NA NA NA
NA NA NA
NA NA NA
# 0
0.8438737 2.176559 1.241855
NA NA NA
NA NA NA
NA NA NA
# 0
0.7779766 1.991734 1.402001
NA NA NA
NA NA NA
NA NA NA
# 1
1.662993 2.095075 1.749486
NA NA NA
NA NA NA
NA NA NA
# 0
0.7703442 1.973193 1.249449
NA NA NA
NA NA NA
NA NA NA
# 1
0.9635408 2.447718 1.214869
NA NA NA
NA NA NA
NA NA NA
# 0
# 0
0.7984535 2.419023 1.419234
0.7159501 2.419085 1.317447
NA NA NA
NA NA NA
NA NA NA
NA NA NA
NA NA NA
NA NA NA
# 1
1.237999 2.020598 1.616951
NA NA NA
NA NA NA
NA NA NA
# 1
1.349056 2.045838 1.554228
NA NA NA
NA NA NA
NA NA NA
# 0
0.8262984 1.940947 1.174486
NA NA NA
NA NA NA
NA NA NA
# 0
0.336315 2.161163 0.5477508
NA NA NA
NA NA NA
NA NA NA
# 0
0.6825458 1.980553 1.084818
NA NA NA
NA NA NA
NA NA NA
# 0
0.3971547 1.835461 1.322859
NA NA NA
NA NA NA
NA NA NA
# 0
0.4469648 1.860935 1.559795
NA NA NA
NA NA NA
NA NA NA
# 0
0.7849671 1.967712 1.287411
NA NA NA
NA NA NA
NA NA NA
# 0
0.2944836 2.121535 0.9804144
NA NA NA
NA NA NA
NA NA NA
# 1
1.034073 2.051129 1.486577
# 1
NA NA NA
NA NA NA
NA NA NA
1.264623 1.847665 1.572937
NA NA NA
NA NA NA
NA NA NA
# 0
0.4101622 2.220808 1.490272
NA NA NA
NA NA NA
NA NA NA
# 0
0.4250684 2.133261 1.104578
NA NA NA
NA NA NA
NA NA NA
# 1
1.161597 2.104903 1.524106
NA NA NA
NA NA NA
NA NA NA
# 0
0.669743 2.138739 1.542161
NA NA NA
NA NA NA
NA NA NA
# 1
1.07633 2.259753 1.290695
NA NA NA
NA NA NA
NA NA NA
# 1
0.9907908 2.043485 1.375721
NA NA NA
NA NA NA
NA NA NA
# 1
1.13198 2.071941 1.43669
NA NA NA
NA NA NA
NA NA NA
# 1
1.06534 2.053403 1.521288
NA NA NA
NA NA NA
NA NA NA
# 1
1.332184 2.031897 1.537167
NA NA NA
NA NA NA
NA NA NA
# 0
0.6100657 1.587043 1.182868
NA NA NA
NA NA NA
NA NA NA
# 1
0.8857771 2.219998 1.314386
NA NA NA
NA NA NA
NA NA NA
# 0
0.5471011 1.846037 1.401848
NA NA NA
NA NA NA
NA NA NA
# 1
1.107491 2.044197 1.425599
NA NA NA
NA NA NA
NA NA NA
# 0
0.347811 1.874872 0.9687388
NA NA NA
NA NA NA
NA NA NA
# 1
1.422489 2.254406 1.473368
NA NA NA
NA NA NA
NA NA NA
# 1
0.9954593 2.101162 1.262876
NA NA NA
NA NA NA
NA NA NA
# 1
0.9439576 2.078433 1.424033
NA NA NA
NA NA NA
NA NA NA
# 1
1.293079 2.109513 1.363689
NA NA NA
NA NA NA
NA NA NA
# 1
1.197366 2.107827 1.447954
NA NA NA
NA NA NA
NA NA NA
# 1
1.022489 2.077062 1.33329
NA NA NA
NA NA NA
NA NA NA
# 1
1.203633 2.100717 1.412074
NA NA NA
NA NA NA
NA NA NA
# 1
1.447847 1.903406 1.532028
NA NA NA
NA NA NA
NA NA NA
# 0
0.419872 1.983687 1.219311
NA NA NA
NA NA NA
NA NA NA
# 0
0.7133273 2.008431 1.670551
NA NA NA
NA NA NA
NA NA NA
# 1
0.9259353 1.887778 1.39247
NA NA NA
NA NA NA
NA NA NA
# 1
1.16697 1.918061 1.882802
NA NA NA
NA NA NA
NA NA NA
# 0
0.5946709 1.9012 1.303515
NA NA NA
NA NA NA
NA NA NA
# 0
0.625657 2.144731 0.763685
NA NA NA
NA NA NA
NA NA NA
# 1
1.453592 2.299884 1.448949
NA NA NA
NA NA NA
NA NA NA
# 1
1.634784 2.290656 2.0209
NA NA NA
NA NA NA
NA NA NA
# 0
0.9124839 2.032079 0.8250226
NA NA NA
NA NA NA
NA NA NA
# 0
0.5265691 2.149926 0.4865757
NA NA NA
NA NA NA
NA NA NA
# 0
0.7443248 2.093841 1.217204
NA NA NA
NA NA NA
NA NA NA
# 0
0.7054142 2.000674 1.283238
NA NA NA
NA NA NA
NA NA NA
# 0
0.9939455 1.953891 0.7945589
NA NA NA
NA NA NA
NA NA NA
# 1
1.511141 2.297555 1.474061
NA NA NA
NA NA NA
NA NA NA
# 0
0.4593528 2.127247 0.6836886
NA NA NA
NA NA NA
NA NA NA
# 1
1.070121 1.96738 1.492372
NA NA NA
NA NA NA
NA NA NA
# 1
0.9566144 1.951826 1.690967
NA NA NA
NA NA NA
NA NA NA
# 1
1.018435 1.949014 1.439591
NA NA NA
NA NA NA
NA NA NA
# 0
0.7344354 2.072246 1.208355
NA NA NA
NA NA NA
NA NA NA
# 1
0.8966721 1.480848 1.318446
NA NA NA
NA NA NA
NA NA NA
# 0
0.8170217 2.150746 1.289016
NA NA NA
NA NA NA
NA NA NA
# 0
0.7517012 2.27106 1.31548
NA NA NA
NA NA NA
NA NA NA
# 1
1.175771 2.278056 1.492614
NA NA NA
NA NA NA
NA NA NA
# 0
0.3940893 2.156955 1.152192
NA NA NA
NA NA NA
NA NA NA
# 0
0.3738147 1.454156 1.123493
NA NA NA
NA NA NA
NA NA NA
# 0
0.7177908 2.125055 1.291056
NA NA NA
NA NA NA
NA NA NA
# 1
1.304322 2.203386 1.485857
NA NA NA
NA NA NA
NA NA NA
# 0
0.3675643 2.156526 1.16876
NA NA NA
NA NA NA
NA NA NA
# 1
1.39443 2.206923 1.434836
NA NA NA
NA NA NA
NA NA NA
# 1
1.556483 2.011511 1.735347
NA NA NA
NA NA NA
NA NA NA
# 1
1.542383 1.985624 1.697473
NA NA NA
NA NA NA
NA NA NA
# 1
1.322712 2.02692 1.535052
NA NA NA
NA NA NA
NA NA NA
# 1
1.259922 2.163682 1.41646
NA NA NA
NA NA NA
NA NA NA
# 1
1.352384 2.156243 1.527916
NA NA NA
NA NA NA
NA NA NA
# 1
1.361008 2.128965 1.463411
NA NA NA
NA NA NA
NA NA NA
# 1
0.9666217 2.113526 1.266511
NA NA NA
NA NA NA
NA NA NA
# 0
0.8040741 2.000712 1.193802
NA NA NA
NA NA NA
NA NA NA
# 0
0.8373566 1.985269 1.105253
NA NA NA
NA NA NA
NA NA NA
# 0
0.3918285 1.963746 1.251858
NA NA NA
NA NA NA
NA NA NA
# 0
0.7137765 2.030135 1.270707
NA NA NA
NA NA NA
NA NA NA
# 0
0.7554445 2.0104 0.8421872
NA NA NA
NA NA NA
NA NA NA
# 0
0.290346 1.96751 1.141563
NA NA NA
NA NA NA
NA NA NA
# 0
0.8081196 1.921402 1.066309
NA NA NA
NA NA NA
NA NA NA
# 1
0.8733246 1.909683 1.645571
NA NA NA
NA NA NA
NA NA NA
# 0
0.8264994 1.922234 0.9837486
NA NA NA
NA NA NA
NA NA NA
# 1
0.9578395 1.930978 1.362228
NA NA NA
NA NA NA
NA NA NA
# 1
1.196741 1.948078 1.377162
NA NA NA
NA NA NA
NA NA NA
# 0
0.7318594 2.009907 0.8512349
NA NA NA
NA NA NA
NA NA NA
# 0
0.7187657 2.180874 0.9543985
NA NA NA
NA NA NA
NA NA NA
# 0
0.5934565 2.376973 0.964799
NA NA NA
NA NA NA
NA NA NA
# 0
0.5788125 1.923346 1.121643
NA NA NA
NA NA NA
NA NA NA
# 0
0.4201563 1.99096 1.114172
NA NA NA
NA NA NA
NA NA NA
# 1
1.152304 2.108023 1.337599
NA NA NA
NA NA NA
NA NA NA
# 1
1.031729 2.025023 1.42374
NA NA NA
NA NA NA
NA NA NA
# 1
1.010847 2.038557 1.387469
NA NA NA
NA NA NA
NA NA NA
# 1
0.9912796 1.969897 1.405211
NA NA NA
NA NA NA
NA NA NA
# 0
0.6395953 2.031778 1.483077
NA NA NA
NA NA NA
NA NA NA
# 0
0.8264567 1.910018 1.396439
NA NA NA
NA NA NA
NA NA NA
# 1
1.067079 2.399802 1.356012
NA NA NA
NA NA NA
NA NA NA
# 1
1.092915 2.086873 1.546627
NA NA NA
NA NA NA
NA NA NA
# 1
1.373869 2.117038 1.504641
NA NA NA
NA NA NA
NA NA NA
# 1
0.8982478 2.22768 1.51875
NA NA NA
NA NA NA
NA NA NA
# 0
0.763435 1.929863 0.8950542
NA NA NA
NA NA NA
NA NA NA
# 1
1.069833 1.976177 1.199418
NA NA NA
NA NA NA
NA NA NA
# 1
0.8929476 1.799185 1.377825
NA NA NA
NA NA NA
NA NA NA
# 1
1.164269 1.998801 1.352671
NA NA NA
NA NA NA
NA NA NA
# 1
0.918206 2.145969 1.055863
NA NA NA
NA NA NA
NA NA NA
# 1
0.9092944 1.789268 1.156279
NA NA NA
NA NA NA
NA NA NA
# 0
0.8019736 2.198603 1.135572
NA NA NA
NA NA NA
NA NA NA
# 0
0.8135012 2.141365 1.012839
NA NA NA
NA NA NA
NA NA NA
# 0
0.4435823 1.909884 1.23504
NA NA NA
NA NA NA
NA NA NA
# 0
0.2961791 1.973468 1.179368
NA NA NA
NA NA NA
NA NA NA
# 0
0.3182602 1.944089 1.156362
NA NA NA
NA NA NA
NA NA NA
# 0
0.7959662 2.076942 1.230401
NA NA NA
NA NA NA
NA NA NA
# 0
0.2658236 2.035753 1.271882
NA NA NA
NA NA NA
NA NA NA
# 0
0.671581 1.996478 1.287568
NA NA NA
NA NA NA
NA NA NA
# 0
0.5423014 1.916627 0.9080363
NA NA NA
NA NA NA
NA NA NA
# 0
0.654797 1.931444 1.149228
NA NA NA
NA NA NA
NA NA NA
# 0
0.6764382 1.962158 0.8789481
NA NA NA
NA NA NA
NA NA NA
# 0
0.7584273 2.044548 1.734796
NA NA NA
NA NA NA
NA NA NA
# 0
0.2447592 2.158066 1.439399
NA NA NA
NA NA NA
NA NA NA
# 0
0.2215341 2.146606 1.293303
NA NA NA
NA NA NA
NA NA NA
# 0
0.7873115 2.245295 1.757627
NA NA NA
NA NA NA
NA NA NA
# 1
0.9951169 2.068807 1.597408
NA NA NA
NA NA NA
NA NA NA
# 1
1.244378 2.514971 1.604894
NA NA NA
NA NA NA
NA NA NA
# 1
0.9794185 1.79144 1.482152
NA NA NA
NA NA NA
NA NA NA
# 1
1.078982 2.113412 1.479279
NA NA NA
NA NA NA
NA NA NA
# 1
1.064877 2.482885 1.506039
NA NA NA
NA NA NA
NA NA NA
# 1
1.032708 2.053004 1.581423
NA NA NA
NA NA NA
NA NA NA
# 1
1.147456 2.543426 1.442399
NA NA NA
NA NA NA
NA NA NA
# 1
1.117937 2.040723 1.336231
NA NA NA
NA NA NA
NA NA NA
# 0
0.5262715 1.949233 1.147458
NA NA NA
NA NA NA
NA NA NA
# 1
1.239446 1.867031 1.535875
NA NA NA
NA NA NA
NA NA NA
# 1
1.345165 2.003821 1.484768
NA NA NA
NA NA NA
NA NA NA
# 1
1.028494 1.887196 1.175817
NA NA NA
NA NA NA
NA NA NA
# 1
0.9702211 2.033065 1.230961
NA NA NA
NA NA NA
NA NA NA
# 1
1.330644 1.979912 1.405115
NA NA NA
NA NA NA
NA NA NA
# 1
1.122317 1.978993 1.292206
NA NA NA
NA NA NA
NA NA NA
# 1
1.255718 2.003803 1.418772
NA NA NA
NA NA NA
NA NA NA
# 0
0.8163288 2.09995 1.427084
NA NA NA
NA NA NA
NA NA NA
# 0
0.4244055 2.014329 1.16507
NA NA NA
NA NA NA
NA NA NA
# 0
0.479614 1.832693 1.051528
NA NA NA
NA NA NA
NA NA NA
# 0
0.6110244 1.903217 1.427016
NA NA NA
NA NA NA
NA NA NA
# 1
1.011083 2.159434 1.43311
NA NA NA
NA NA NA
NA NA NA
# 0
0.1895341 1.839222 1.210211
NA NA NA
NA NA NA
NA NA NA
# 1
0.9797113 1.960675 1.484033
NA NA NA
NA NA NA
NA NA NA
# 0
0.8952607 1.98845 0.9273894
NA NA NA
NA NA NA
NA NA NA
# 0
0.2676845 2.204723 1.062002
NA NA NA
NA NA NA
NA NA NA
# 0
0.458942 2.007555 1.304106
NA NA NA
NA NA NA
NA NA NA
# 0
0.7281527 1.881595 1.350599
NA NA NA
NA NA NA
NA NA NA
# 1
1.433922 2.335744 1.601559
NA NA NA
NA NA NA
NA NA NA
# 1
1.208643 2.41213 1.303057
NA NA NA
NA NA NA
NA NA NA
# 0
0.3731864 2.23278 0.5119034
NA NA NA
NA NA NA
NA NA NA
# 0
0.2892341 2.100139 0.7274313
NA NA NA
NA NA NA
NA NA NA
# 1
1.397309 2.330618 1.677683
NA NA NA
NA NA NA
NA NA NA
# 1
0.9810546 2.106153 1.230578
NA NA NA
NA NA NA
NA NA NA
# 0
0.2776807 2.124765 0.9256072
NA NA NA
NA NA NA
NA NA NA
# 1
0.8703044 2.048298 1.299573
NA NA NA
NA NA NA
NA NA NA
# 0
0.7674507 2.155918 1.167443
NA NA NA
NA NA NA
NA NA NA
# 1
0.9595306 2.122632 1.133283
NA NA NA
NA NA NA
NA NA NA
# 0
0.4181303 1.797802 0.8235007
NA NA NA
NA NA NA
NA NA NA
# 1
0.8780595 2.12848 1.363856
NA NA NA
NA NA NA
NA NA NA
# 0
0.5214341 1.895029 1.012994
NA NA NA
NA NA NA
NA NA NA
# 1
0.8703493 2.038669 1.577197
NA NA NA
NA NA NA
NA NA NA
# 1
1.23736 2.078501 1.9227
NA NA NA
NA NA NA
NA NA NA
# 1
1.068987 1.920752 1.328061
NA NA NA
NA NA NA
NA NA NA
# 1
1.465799 1.924085 1.524198
NA NA NA
NA NA NA
NA NA NA
# 1
1.124718 1.938009 1.501517
NA NA NA
NA NA NA
NA NA NA
# 0
0.4164019 2.152909 0.7608264
NA NA NA
NA NA NA
NA NA NA
# 1
1.355687 2.075276 1.771502
NA NA NA
NA NA NA
NA NA NA
# 0
0.3589207 2.122944 0.5047103
NA NA NA
NA NA NA
NA NA NA
# 1
0.9734654 2.123068 1.12036
NA NA NA
NA NA NA
NA NA NA
# 1
1.312001 2.081043 1.701019
NA NA NA
NA NA NA
NA NA NA
# 0
0.5291283 1.912576 1.024295
NA NA NA
NA NA NA
NA NA NA
# 1
# 0
1.437617 2.027476 1.579687
0.6596974 2.041074 0.9343677
NA NA NA
NA NA NA
NA NA NA
NA NA NA
NA NA NA
NA NA NA
# 1
0.911393 2.167736 1.149962
NA NA NA
NA NA NA
NA NA NA
# 0
0.5053884 1.95629 0.9593641
NA NA NA
NA NA NA
NA NA NA
# 1
0.9331157 2.156569 1.09015
NA NA NA
NA NA NA
NA NA NA
# 1
1.437317 2.020572 1.708985
NA NA NA
NA NA NA
NA NA NA
# 0
0.5329415 2.235302 0.8518205
NA NA NA
NA NA NA
NA NA NA
# 1
1.014436 2.150057 1.290903
NA NA NA
NA NA NA
NA NA NA
# 0
0.1787328 2.097046 1.251071
NA NA NA
NA NA NA
NA NA NA
# 0
0.41032 2.274132 0.6497099
NA NA NA
NA NA NA
NA NA NA
# 1
1.62652 2.032488 1.76871
NA NA NA
NA NA NA
NA NA NA
# 0
0.4059137 2.124896 0.6989535
NA NA NA
NA NA NA
NA NA NA
# 0
0.5259354 2.305275 0.8182707
NA NA NA
NA NA NA
NA NA NA
# 0
0.568805 2.110193 1.801958
NA NA NA
NA NA NA
NA NA NA
# 1
1.097035 2.050896 1.165981
NA NA NA
NA NA NA
NA NA NA
# 0
0.809796 2.078112 1.326125
NA NA NA
NA NA NA
NA NA NA
# 0
# 0
0.5305813 0.6247761.898397  1.866143 1.1957621.552039

NANA  NANA  NANA

NANA  NANA  NANA

NANA  NANA  NANA

# 0
0.3856462 2.13168 0.7182328
NA NA NA
NA NA NA
NA NA NA
# 1
1.013834 2.119376 1.277467
NA NA NA
NA NA NA
NA NA NA
# 1
1.045506 2.157537 1.263548
NA NA NA
NA NA NA
NA NA NA
# 1
1.095781 2.136848 1.180979
NA NA NA
NA NA NA
NA NA NA
# 1
1.073264 1.809986 1.415218
NA NA NA
NA NA NA
NA NA NA
# 1
1.124816 2.214561 1.226328
NA NA NA
NA NA NA
NA NA NA
# 1
1.135333 1.896751 1.426807
NA NA NA
NA NA NA
NA NA NA
# 0
0.5978994 1.963574 0.8745336
NA NA NA
NA NA NA
NA NA NA
# 1
1.395953 1.918131 1.490336
NA NA NA
NA NA NA
NA NA NA
# 1
1.022468 1.919396 1.418645
NA NA NA
NA NA NA
NA NA NA
# 0
0.5593811 1.967519 1.306576
NA NA NA
NA NA NA
NA NA NA
# 1
0.9718778 1.873733 1.172955
NA NA NA
NA NA NA
NA NA NA
# 1
1.107428 1.892951 1.379138
NA NA NA
NA NA NA
NA NA NA
# 0
0.4916778 1.984049 0.8839922
NA NA NA
NA NA NA
NA NA NA
# 1
0.9479259 1.837341 1.51861
NA NA NA
NA NA NA
NA NA NA
# 0
0.7357384 1.988673 1.364535
NA NA NA
NA NA NA
NA NA NA
# 0
0.8644714 1.859641 1.083128
NA NA NA
NA NA NA
NA NA NA
# 1
1.044413 1.860882 1.349046
NA NA NA
NA NA NA
NA NA NA
# 1
1.160687 1.981598 1.504597
NA NA NA
NA NA NA
NA NA NA
# 0
0.4130403 1.94816 0.6261853
NA NA NA
NA NA NA
NA NA NA
# 0
0.5086376 1.843626 0.8274216
NA NA NA
NA NA NA
NA NA NA
# 1
1.057245 1.952734 1.351522
NA NA NA
NA NA NA
NA NA NA
# 0
0.3824492 1.809312 0.5622199
NA NA NA
NA NA NA
NA NA NA
# 1
1.24897 1.961398 1.457717
NA NA NA
NA NA NA
NA NA NA
# 1
1.59965 1.956432 1.587384
NA NA NA
NA NA NA
NA NA NA
# 1
1.018259 2.031975 1.31792
NA NA NA
NA NA NA
NA NA NA
# 0
0.5857781 1.976388 0.7822981
NA NA NA
NA NA NA
NA NA NA
